
Circuit 1 cell sky130_fd_pr__res_high_po and Circuit 2 cell sky130_fd_pr__res_high_po are black boxes.
Warning: Equate pins:  cell sky130_fd_pr__res_high_po is a placeholder, treated as a black box.
Warning: Equate pins:  cell sky130_fd_pr__res_high_po is a placeholder, treated as a black box.

Subcircuit pins:
Circuit 1: sky130_fd_pr__res_high_po       |Circuit 2: sky130_fd_pr__res_high_po       
-------------------------------------------|-------------------------------------------
1                                          |1                                          
2                                          |2                                          
3                                          |3                                          
---------------------------------------------------------------------------------------
Cell pin lists are equivalent.
Device classes sky130_fd_pr__res_high_po and sky130_fd_pr__res_high_po are equivalent.

Circuit 1 cell sky130_fd_pr__cap_mim_m3_1 and Circuit 2 cell sky130_fd_pr__cap_mim_m3_1 are black boxes.
Warning: Equate pins:  cell sky130_fd_pr__cap_mim_m3_1 is a placeholder, treated as a black box.
Warning: Equate pins:  cell sky130_fd_pr__cap_mim_m3_1 is a placeholder, treated as a black box.

Subcircuit pins:
Circuit 1: sky130_fd_pr__cap_mim_m3_1      |Circuit 2: sky130_fd_pr__cap_mim_m3_1      
-------------------------------------------|-------------------------------------------
1                                          |1                                          
2                                          |2                                          
---------------------------------------------------------------------------------------
Cell pin lists are equivalent.
Device classes sky130_fd_pr__cap_mim_m3_1 and sky130_fd_pr__cap_mim_m3_1 are equivalent.

Circuit 1 cell sky130_fd_pr__nfet_01v8 and Circuit 2 cell sky130_fd_pr__nfet_01v8 are black boxes.
Warning: Equate pins:  cell sky130_fd_pr__nfet_01v8 is a placeholder, treated as a black box.
Warning: Equate pins:  cell sky130_fd_pr__nfet_01v8 is a placeholder, treated as a black box.

Subcircuit pins:
Circuit 1: sky130_fd_pr__nfet_01v8         |Circuit 2: sky130_fd_pr__nfet_01v8         
-------------------------------------------|-------------------------------------------
1                                          |1                                          
2                                          |2                                          
3                                          |3                                          
4                                          |4                                          
---------------------------------------------------------------------------------------
Cell pin lists are equivalent.
Device classes sky130_fd_pr__nfet_01v8 and sky130_fd_pr__nfet_01v8 are equivalent.

Circuit 1 cell sky130_fd_pr__pfet_01v8 and Circuit 2 cell sky130_fd_pr__pfet_01v8 are black boxes.
Warning: Equate pins:  cell sky130_fd_pr__pfet_01v8 is a placeholder, treated as a black box.
Warning: Equate pins:  cell sky130_fd_pr__pfet_01v8 is a placeholder, treated as a black box.

Subcircuit pins:
Circuit 1: sky130_fd_pr__pfet_01v8         |Circuit 2: sky130_fd_pr__pfet_01v8         
-------------------------------------------|-------------------------------------------
1                                          |1                                          
2                                          |2                                          
3                                          |3                                          
4                                          |4                                          
---------------------------------------------------------------------------------------
Cell pin lists are equivalent.
Device classes sky130_fd_pr__pfet_01v8 and sky130_fd_pr__pfet_01v8 are equivalent.

Circuit 1 cell sky130_fd_pr__pfet_01v8_lvt and Circuit 2 cell sky130_fd_pr__pfet_01v8_lvt are black boxes.
Warning: Equate pins:  cell sky130_fd_pr__pfet_01v8_lvt is a placeholder, treated as a black box.
Warning: Equate pins:  cell sky130_fd_pr__pfet_01v8_lvt is a placeholder, treated as a black box.

Subcircuit pins:
Circuit 1: sky130_fd_pr__pfet_01v8_lvt     |Circuit 2: sky130_fd_pr__pfet_01v8_lvt     
-------------------------------------------|-------------------------------------------
1                                          |1                                          
2                                          |2                                          
3                                          |3                                          
4                                          |4                                          
---------------------------------------------------------------------------------------
Cell pin lists are equivalent.
Device classes sky130_fd_pr__pfet_01v8_lvt and sky130_fd_pr__pfet_01v8_lvt are equivalent.

Circuit 1 cell sky130_fd_pr__pnp_05v5_W3p40L3p40 and Circuit 2 cell sky130_fd_pr__pnp_05v5_W3p40L3p40 are black boxes.
Warning: Equate pins:  cell sky130_fd_pr__pnp_05v5_W3p40L3p40 is a placeholder, treated as a black box.
Warning: Equate pins:  cell sky130_fd_pr__pnp_05v5_W3p40L3p40 is a placeholder, treated as a black box.

Subcircuit pins:
Circuit 1: sky130_fd_pr__pnp_05v5_W3p40L3p |Circuit 2: sky130_fd_pr__pnp_05v5_W3p40L3p 
-------------------------------------------|-------------------------------------------
1                                          |1                                          
2                                          |2                                          
3                                          |3                                          
---------------------------------------------------------------------------------------
Cell pin lists are equivalent.
Device classes sky130_fd_pr__pnp_05v5_W3p40L3p40 and sky130_fd_pr__pnp_05v5_W3p40L3p40 are equivalent.

Circuit 1 cell sky130_fd_pr__diode_pw2nd_05v5 and Circuit 2 cell sky130_fd_pr__diode_pw2nd_05v5 are black boxes.
Warning: Equate pins:  cell sky130_fd_pr__diode_pw2nd_05v5 is a placeholder, treated as a black box.
Warning: Equate pins:  cell sky130_fd_pr__diode_pw2nd_05v5 is a placeholder, treated as a black box.

Subcircuit pins:
Circuit 1: sky130_fd_pr__diode_pw2nd_05v5  |Circuit 2: sky130_fd_pr__diode_pw2nd_05v5  
-------------------------------------------|-------------------------------------------
1                                          |1                                          
2                                          |2                                          
---------------------------------------------------------------------------------------
Cell pin lists are equivalent.
Device classes sky130_fd_pr__diode_pw2nd_05v5 and sky130_fd_pr__diode_pw2nd_05v5 are equivalent.
Flattening unmatched subcell JNWTR_TAPCELLB_CV in circuit tt_um_lelo_gr03_analogicus (1)(1 instance)
Flattening unmatched subcell JNWTR_NCHDL in circuit tt_um_lelo_gr03_analogicus (1)(1 instance)
Flattening unmatched subcell JNWTR_PCHDL in circuit tt_um_lelo_gr03_analogicus (1)(1 instance)
Flattening unmatched subcell JNWTR_TIEL_CV in circuit tt_um_lelo_gr03_analogicus (1)(1 instance)
Flattening unmatched subcell JNWTR_NCHDL in circuit tt_um_lelo_gr03_analogicus (1)(1 instance)
Flattening unmatched subcell JNWTR_PCHDL in circuit tt_um_lelo_gr03_analogicus (1)(1 instance)
Flattening unmatched subcell LELO_GR03 in circuit tt_um_lelo_gr03_analogicus (1)(1 instance)
Flattening unmatched subcell BANDGAP_CIRCUIT in circuit tt_um_lelo_gr03_analogicus (1)(1 instance)
Flattening unmatched subcell JNWATR_NCH_4C5F0 in circuit tt_um_lelo_gr03_analogicus (1)(5 instances)
Flattening unmatched subcell JNWATR_PCH_4C5F0 in circuit tt_um_lelo_gr03_analogicus (1)(2 instances)
Flattening unmatched subcell JNWTR_CAPX4 in circuit tt_um_lelo_gr03_analogicus (1)(3 instances)
Flattening unmatched subcell JNWTR_CAPX1 in circuit tt_um_lelo_gr03_analogicus (1)(12 instances)
Flattening unmatched subcell BANDGAP_OTA_PMOS in circuit tt_um_lelo_gr03_analogicus (1)(1 instance)
Flattening unmatched subcell JNWATR_NCH_4C5F0 in circuit tt_um_lelo_gr03_analogicus (1)(4 instances)
Flattening unmatched subcell JNWATR_PCH_4C5F0 in circuit tt_um_lelo_gr03_analogicus (1)(6 instances)
Flattening unmatched subcell JNWATR_PCH_8C1F2 in circuit tt_um_lelo_gr03_analogicus (1)(6 instances)
Flattening unmatched subcell JNWATR_NCH_8C1F2 in circuit tt_um_lelo_gr03_analogicus (1)(3 instances)
Flattening unmatched subcell JNWTR_RPPO4 in circuit tt_um_lelo_gr03_analogicus (1)(3 instances)
Flattening unmatched subcell JNWTR_RES4 in circuit tt_um_lelo_gr03_analogicus (1)(3 instances)
Flattening unmatched subcell JNWTR_CAPX4 in circuit tt_um_lelo_gr03_analogicus (1)(1 instance)
Flattening unmatched subcell JNWTR_CAPX1 in circuit tt_um_lelo_gr03_analogicus (1)(4 instances)
Flattening unmatched subcell LELOATR_LVT_PCH_4C5F0 in circuit tt_um_lelo_gr03_analogicus (1)(6 instances)
Flattening unmatched subcell JNWATR_PCH_2C5F0 in circuit tt_um_lelo_gr03_analogicus (1)(6 instances)
Flattening unmatched subcell JNWTR_RPPO2 in circuit tt_um_lelo_gr03_analogicus (1)(1 instance)
Flattening unmatched subcell JNWTR_RES2 in circuit tt_um_lelo_gr03_analogicus (1)(1 instance)
Flattening unmatched subcell JNWTR_IVX1_CV in circuit tt_um_lelo_gr03_analogicus (1)(2 instances)
Flattening unmatched subcell JNWTR_NCHDL in circuit tt_um_lelo_gr03_analogicus (1)(2 instances)
Flattening unmatched subcell JNWTR_PCHDL in circuit tt_um_lelo_gr03_analogicus (1)(2 instances)
Flattening unmatched subcell COMPARATOR in circuit tt_um_lelo_gr03_analogicus (1)(1 instance)
Flattening unmatched subcell JNWATR_PCH_4C5F0 in circuit tt_um_lelo_gr03_analogicus (1)(11 instances)
Flattening unmatched subcell JNWATR_NCH_4C5F0 in circuit tt_um_lelo_gr03_analogicus (1)(11 instances)
Flattening unmatched subcell JNWATR_PCH_8C1F2 in circuit tt_um_lelo_gr03_analogicus (1)(3 instances)
Flattening unmatched subcell JNWATR_NCH_8C1F2 in circuit tt_um_lelo_gr03_analogicus (1)(3 instances)
Flattening unmatched subcell JNWTR_DFRNQNX1_CV in circuit tt_um_lelo_gr03_analogicus (1)(1 instance)
Flattening unmatched subcell JNWTR_TAPCELLB_CV in circuit tt_um_lelo_gr03_analogicus (1)(1 instance)
Flattening unmatched subcell JNWTR_NCHDL in circuit tt_um_lelo_gr03_analogicus (1)(1 instance)
Flattening unmatched subcell JNWTR_PCHDL in circuit tt_um_lelo_gr03_analogicus (1)(1 instance)
Flattening unmatched subcell JNWTR_NDX1_CV in circuit tt_um_lelo_gr03_analogicus (1)(1 instance)
Flattening unmatched subcell JNWTR_NCHDL in circuit tt_um_lelo_gr03_analogicus (1)(2 instances)
Flattening unmatched subcell JNWTR_PCHDL in circuit tt_um_lelo_gr03_analogicus (1)(2 instances)
Flattening unmatched subcell JNWTR_IVX1_CV in circuit tt_um_lelo_gr03_analogicus (1)(3 instances)
Flattening unmatched subcell JNWTR_NCHDL in circuit tt_um_lelo_gr03_analogicus (1)(3 instances)
Flattening unmatched subcell JNWTR_PCHDL in circuit tt_um_lelo_gr03_analogicus (1)(3 instances)
Flattening unmatched subcell JNWTR_IVTRIX1_CV in circuit tt_um_lelo_gr03_analogicus (1)(3 instances)
Flattening unmatched subcell JNWTR_NCHDL in circuit tt_um_lelo_gr03_analogicus (1)(6 instances)
Flattening unmatched subcell JNWTR_PCHDL in circuit tt_um_lelo_gr03_analogicus (1)(6 instances)
Flattening unmatched subcell JNWTR_NDTRIX1_CV in circuit tt_um_lelo_gr03_analogicus (1)(1 instance)
Flattening unmatched subcell JNWTR_NCHDL in circuit tt_um_lelo_gr03_analogicus (1)(3 instances)
Flattening unmatched subcell JNWTR_PCHDL in circuit tt_um_lelo_gr03_analogicus (1)(3 instances)
Flattening unmatched subcell BIAS_CIRCUIT2 in circuit tt_um_lelo_gr03_analogicus (1)(1 instance)
Flattening unmatched subcell JNWATR_NCH_4C5F0 in circuit tt_um_lelo_gr03_analogicus (1)(2 instances)
Flattening unmatched subcell JNWTR_RPPO16 in circuit tt_um_lelo_gr03_analogicus (1)(2 instances)
Flattening unmatched subcell JNWTR_RES16 in circuit tt_um_lelo_gr03_analogicus (1)(2 instances)
Flattening unmatched subcell JNWATR_PCH_8C1F2 in circuit tt_um_lelo_gr03_analogicus (1)(2 instances)
Flattening unmatched subcell JNWATR_NCH_8C1F2 in circuit tt_um_lelo_gr03_analogicus (1)(2 instances)
Flattening unmatched subcell JNWATR_PCH_4C5F0 in circuit tt_um_lelo_gr03_analogicus (1)(1 instance)
Flattening unmatched subcell JNWTR_RPPO4 in circuit tt_um_lelo_gr03_analogicus (1)(1 instance)
Flattening unmatched subcell JNWTR_RES4 in circuit tt_um_lelo_gr03_analogicus (1)(1 instance)

Cell tt_um_lelo_gr03_analogicus (0) disconnected node: uo_out<7>
Cell tt_um_lelo_gr03_analogicus (0) disconnected node: uo_out<6>
Cell tt_um_lelo_gr03_analogicus (0) disconnected node: uo_out<5>
Cell tt_um_lelo_gr03_analogicus (0) disconnected node: uo_out<4>
Cell tt_um_lelo_gr03_analogicus (0) disconnected node: uo_out<3>
Cell tt_um_lelo_gr03_analogicus (0) disconnected node: uo_out<2>
Cell tt_um_lelo_gr03_analogicus (0) disconnected node: uo_out<1>
Cell tt_um_lelo_gr03_analogicus (0) disconnected node: uio_out<7>
Cell tt_um_lelo_gr03_analogicus (0) disconnected node: uio_out<6>
Cell tt_um_lelo_gr03_analogicus (0) disconnected node: uio_out<5>
Cell tt_um_lelo_gr03_analogicus (0) disconnected node: uio_out<4>
Cell tt_um_lelo_gr03_analogicus (0) disconnected node: uio_out<3>
Cell tt_um_lelo_gr03_analogicus (0) disconnected node: uio_out<2>
Cell tt_um_lelo_gr03_analogicus (0) disconnected node: uio_out<1>
Cell tt_um_lelo_gr03_analogicus (0) disconnected node: uio_out<0>
Cell tt_um_lelo_gr03_analogicus (0) disconnected node: ui_in<7>
Cell tt_um_lelo_gr03_analogicus (0) disconnected node: ui_in<6>
Cell tt_um_lelo_gr03_analogicus (0) disconnected node: ui_in<5>
Cell tt_um_lelo_gr03_analogicus (0) disconnected node: ui_in<4>
Cell tt_um_lelo_gr03_analogicus (0) disconnected node: ui_in<3>
Cell tt_um_lelo_gr03_analogicus (0) disconnected node: ui_in<2>
Cell tt_um_lelo_gr03_analogicus (0) disconnected node: ui_in<1>
Cell tt_um_lelo_gr03_analogicus (0) disconnected node: uio_in<7>
Cell tt_um_lelo_gr03_analogicus (0) disconnected node: uio_in<6>
Cell tt_um_lelo_gr03_analogicus (0) disconnected node: uio_in<5>
Cell tt_um_lelo_gr03_analogicus (0) disconnected node: uio_in<4>
Cell tt_um_lelo_gr03_analogicus (0) disconnected node: uio_in<3>
Cell tt_um_lelo_gr03_analogicus (0) disconnected node: uio_in<2>
Cell tt_um_lelo_gr03_analogicus (0) disconnected node: uio_in<1>
Cell tt_um_lelo_gr03_analogicus (0) disconnected node: uio_in<0>
Cell tt_um_lelo_gr03_analogicus (0) disconnected node: ena
Cell tt_um_lelo_gr03_analogicus (0) disconnected node: rst_n
Cell tt_um_lelo_gr03_analogicus (0) disconnected node: clk
Cell tt_um_lelo_gr03_analogicus (1) disconnected node: uo_out[7]
Cell tt_um_lelo_gr03_analogicus (1) disconnected node: uo_out[6]
Cell tt_um_lelo_gr03_analogicus (1) disconnected node: uo_out[5]
Cell tt_um_lelo_gr03_analogicus (1) disconnected node: uo_out[4]
Cell tt_um_lelo_gr03_analogicus (1) disconnected node: uo_out[3]
Cell tt_um_lelo_gr03_analogicus (1) disconnected node: uo_out[2]
Cell tt_um_lelo_gr03_analogicus (1) disconnected node: uo_out[1]
Cell tt_um_lelo_gr03_analogicus (1) disconnected node: uio_out[7]
Cell tt_um_lelo_gr03_analogicus (1) disconnected node: uio_out[6]
Cell tt_um_lelo_gr03_analogicus (1) disconnected node: uio_out[5]
Cell tt_um_lelo_gr03_analogicus (1) disconnected node: uio_out[4]
Cell tt_um_lelo_gr03_analogicus (1) disconnected node: uio_out[3]
Cell tt_um_lelo_gr03_analogicus (1) disconnected node: uio_out[2]
Cell tt_um_lelo_gr03_analogicus (1) disconnected node: uio_out[1]
Cell tt_um_lelo_gr03_analogicus (1) disconnected node: uio_out[0]
Cell tt_um_lelo_gr03_analogicus (1) disconnected node: ui_in[7]
Cell tt_um_lelo_gr03_analogicus (1) disconnected node: ui_in[6]
Cell tt_um_lelo_gr03_analogicus (1) disconnected node: ui_in[5]
Cell tt_um_lelo_gr03_analogicus (1) disconnected node: ui_in[4]
Cell tt_um_lelo_gr03_analogicus (1) disconnected node: ui_in[3]
Cell tt_um_lelo_gr03_analogicus (1) disconnected node: ui_in[2]
Cell tt_um_lelo_gr03_analogicus (1) disconnected node: ui_in[1]
Cell tt_um_lelo_gr03_analogicus (1) disconnected node: uio_in[7]
Cell tt_um_lelo_gr03_analogicus (1) disconnected node: uio_in[6]
Cell tt_um_lelo_gr03_analogicus (1) disconnected node: uio_in[5]
Cell tt_um_lelo_gr03_analogicus (1) disconnected node: uio_in[4]
Cell tt_um_lelo_gr03_analogicus (1) disconnected node: uio_in[3]
Cell tt_um_lelo_gr03_analogicus (1) disconnected node: uio_in[2]
Cell tt_um_lelo_gr03_analogicus (1) disconnected node: uio_in[1]
Cell tt_um_lelo_gr03_analogicus (1) disconnected node: uio_in[0]
Cell tt_um_lelo_gr03_analogicus (1) disconnected node: ena
Cell tt_um_lelo_gr03_analogicus (1) disconnected node: rst_n
Cell tt_um_lelo_gr03_analogicus (1) disconnected node: clk
Class tt_um_lelo_gr03_analogicus (0):  Merged 139 parallel devices.
Class tt_um_lelo_gr03_analogicus (0):  Merged 45 series devices.
Class tt_um_lelo_gr03_analogicus (1):  Merged 66 parallel devices.
Class tt_um_lelo_gr03_analogicus (1):  Merged 45 series devices.
Cell tt_um_lelo_gr03_analogicus (0) disconnected node: uo_out<7>
Cell tt_um_lelo_gr03_analogicus (0) disconnected node: uo_out<6>
Cell tt_um_lelo_gr03_analogicus (0) disconnected node: uo_out<5>
Cell tt_um_lelo_gr03_analogicus (0) disconnected node: uo_out<4>
Cell tt_um_lelo_gr03_analogicus (0) disconnected node: uo_out<3>
Cell tt_um_lelo_gr03_analogicus (0) disconnected node: uo_out<2>
Cell tt_um_lelo_gr03_analogicus (0) disconnected node: uo_out<1>
Cell tt_um_lelo_gr03_analogicus (0) disconnected node: uio_out<7>
Cell tt_um_lelo_gr03_analogicus (0) disconnected node: uio_out<6>
Cell tt_um_lelo_gr03_analogicus (0) disconnected node: uio_out<5>
Cell tt_um_lelo_gr03_analogicus (0) disconnected node: uio_out<4>
Cell tt_um_lelo_gr03_analogicus (0) disconnected node: uio_out<3>
Cell tt_um_lelo_gr03_analogicus (0) disconnected node: uio_out<2>
Cell tt_um_lelo_gr03_analogicus (0) disconnected node: uio_out<1>
Cell tt_um_lelo_gr03_analogicus (0) disconnected node: uio_out<0>
Cell tt_um_lelo_gr03_analogicus (0) disconnected node: ui_in<7>
Cell tt_um_lelo_gr03_analogicus (0) disconnected node: ui_in<6>
Cell tt_um_lelo_gr03_analogicus (0) disconnected node: ui_in<5>
Cell tt_um_lelo_gr03_analogicus (0) disconnected node: ui_in<4>
Cell tt_um_lelo_gr03_analogicus (0) disconnected node: ui_in<3>
Cell tt_um_lelo_gr03_analogicus (0) disconnected node: ui_in<2>
Cell tt_um_lelo_gr03_analogicus (0) disconnected node: ui_in<1>
Cell tt_um_lelo_gr03_analogicus (0) disconnected node: uio_in<7>
Cell tt_um_lelo_gr03_analogicus (0) disconnected node: uio_in<6>
Cell tt_um_lelo_gr03_analogicus (0) disconnected node: uio_in<5>
Cell tt_um_lelo_gr03_analogicus (0) disconnected node: uio_in<4>
Cell tt_um_lelo_gr03_analogicus (0) disconnected node: uio_in<3>
Cell tt_um_lelo_gr03_analogicus (0) disconnected node: uio_in<2>
Cell tt_um_lelo_gr03_analogicus (0) disconnected node: uio_in<1>
Cell tt_um_lelo_gr03_analogicus (0) disconnected node: uio_in<0>
Cell tt_um_lelo_gr03_analogicus (0) disconnected node: ena
Cell tt_um_lelo_gr03_analogicus (0) disconnected node: rst_n
Cell tt_um_lelo_gr03_analogicus (0) disconnected node: clk
Cell tt_um_lelo_gr03_analogicus (1) disconnected node: uo_out[7]
Cell tt_um_lelo_gr03_analogicus (1) disconnected node: uo_out[6]
Cell tt_um_lelo_gr03_analogicus (1) disconnected node: uo_out[5]
Cell tt_um_lelo_gr03_analogicus (1) disconnected node: uo_out[4]
Cell tt_um_lelo_gr03_analogicus (1) disconnected node: uo_out[3]
Cell tt_um_lelo_gr03_analogicus (1) disconnected node: uo_out[2]
Cell tt_um_lelo_gr03_analogicus (1) disconnected node: uo_out[1]
Cell tt_um_lelo_gr03_analogicus (1) disconnected node: uio_out[7]
Cell tt_um_lelo_gr03_analogicus (1) disconnected node: uio_out[6]
Cell tt_um_lelo_gr03_analogicus (1) disconnected node: uio_out[5]
Cell tt_um_lelo_gr03_analogicus (1) disconnected node: uio_out[4]
Cell tt_um_lelo_gr03_analogicus (1) disconnected node: uio_out[3]
Cell tt_um_lelo_gr03_analogicus (1) disconnected node: uio_out[2]
Cell tt_um_lelo_gr03_analogicus (1) disconnected node: uio_out[1]
Cell tt_um_lelo_gr03_analogicus (1) disconnected node: uio_out[0]
Cell tt_um_lelo_gr03_analogicus (1) disconnected node: ui_in[7]
Cell tt_um_lelo_gr03_analogicus (1) disconnected node: ui_in[6]
Cell tt_um_lelo_gr03_analogicus (1) disconnected node: ui_in[5]
Cell tt_um_lelo_gr03_analogicus (1) disconnected node: ui_in[4]
Cell tt_um_lelo_gr03_analogicus (1) disconnected node: ui_in[3]
Cell tt_um_lelo_gr03_analogicus (1) disconnected node: ui_in[2]
Cell tt_um_lelo_gr03_analogicus (1) disconnected node: ui_in[1]
Cell tt_um_lelo_gr03_analogicus (1) disconnected node: uio_in[7]
Cell tt_um_lelo_gr03_analogicus (1) disconnected node: uio_in[6]
Cell tt_um_lelo_gr03_analogicus (1) disconnected node: uio_in[5]
Cell tt_um_lelo_gr03_analogicus (1) disconnected node: uio_in[4]
Cell tt_um_lelo_gr03_analogicus (1) disconnected node: uio_in[3]
Cell tt_um_lelo_gr03_analogicus (1) disconnected node: uio_in[2]
Cell tt_um_lelo_gr03_analogicus (1) disconnected node: uio_in[1]
Cell tt_um_lelo_gr03_analogicus (1) disconnected node: uio_in[0]
Cell tt_um_lelo_gr03_analogicus (1) disconnected node: ena
Cell tt_um_lelo_gr03_analogicus (1) disconnected node: rst_n
Cell tt_um_lelo_gr03_analogicus (1) disconnected node: clk
Subcircuit summary:
Circuit 1: tt_um_lelo_gr03_analogicus      |Circuit 2: tt_um_lelo_gr03_analogicus      
-------------------------------------------|-------------------------------------------
sky130_fd_pr__pfet_01v8 (93->41)           |sky130_fd_pr__pfet_01v8 (56->41)           
sky130_fd_pr__res_high_po (50->5)          |sky130_fd_pr__res_high_po (50->5)          
sky130_fd_pr__nfet_01v8 (79->38)           |sky130_fd_pr__nfet_01v8 (49->38)           
sky130_fd_pr__pnp_05v5_W3p40L3p40 (25->2)  |sky130_fd_pr__pnp_05v5_W3p40L3p40 (25->2)  
sky130_fd_pr__cap_mim_m3_1 (16->3)         |sky130_fd_pr__cap_mim_m3_1 (16->3)         
sky130_fd_pr__pfet_01v8_lvt (12->2)        |sky130_fd_pr__pfet_01v8_lvt (6->2)         
sky130_fd_pr__res_generic_m4 (8)           |sky130_fd_pr__res_generic_m4 (8)           
sky130_fd_pr__diode_pw2nd_05v5 (1)         |sky130_fd_pr__diode_pw2nd_05v5 (1)         
Number of devices: 100                     |Number of devices: 100                     
Number of nets: 63                         |Number of nets: 63                         
---------------------------------------------------------------------------------------
Resolving symmetries by property value.
Resolving symmetries by pin name.
Netlists match uniquely.

Subcircuit pins:
Circuit 1: tt_um_lelo_gr03_analogicus      |Circuit 2: tt_um_lelo_gr03_analogicus      
-------------------------------------------|-------------------------------------------
uio_oe<7>                                  |uio_oe[7]                                  
uio_oe<3>                                  |uio_oe[3]                                  
uio_oe<0>                                  |uio_oe[0]                                  
uio_oe<4>                                  |uio_oe[4]                                  
uio_oe<5>                                  |uio_oe[5]                                  
uio_oe<6>                                  |uio_oe[6]                                  
uio_oe<1>                                  |uio_oe[1]                                  
uio_oe<2>                                  |uio_oe[2]                                  
uo_out<0>                                  |uo_out[0]                                  
ui_in<0>                                   |ui_in[0]                                   
VDPWR                                      |VDPWR                                      
VGND                                       |VGND                                       
uo_out<7>                                  |uo_out[7]                                  
uo_out<6>                                  |uo_out[6]                                  
uo_out<5>                                  |uo_out[5]                                  
uo_out<4>                                  |uo_out[4]                                  
uo_out<3>                                  |uo_out[3]                                  
uo_out<2>                                  |uo_out[2]                                  
uo_out<1>                                  |uo_out[1]                                  
uio_out<7>                                 |uio_out[7]                                 
uio_out<6>                                 |uio_out[6]                                 
uio_out<5>                                 |uio_out[5]                                 
uio_out<4>                                 |uio_out[4]                                 
uio_out<3>                                 |uio_out[3]                                 
uio_out<2>                                 |uio_out[2]                                 
uio_out<1>                                 |uio_out[1]                                 
uio_out<0>                                 |uio_out[0]                                 
ui_in<7>                                   |ui_in[7]                                   
ui_in<6>                                   |ui_in[6]                                   
ui_in<5>                                   |ui_in[5]                                   
ui_in<4>                                   |ui_in[4]                                   
ui_in<3>                                   |ui_in[3]                                   
ui_in<2>                                   |ui_in[2]                                   
ui_in<1>                                   |ui_in[1]                                   
uio_in<7>                                  |uio_in[7]                                  
uio_in<6>                                  |uio_in[6]                                  
uio_in<5>                                  |uio_in[5]                                  
uio_in<4>                                  |uio_in[4]                                  
uio_in<3>                                  |uio_in[3]                                  
uio_in<2>                                  |uio_in[2]                                  
uio_in<1>                                  |uio_in[1]                                  
uio_in<0>                                  |uio_in[0]                                  
ena                                        |ena                                        
rst_n                                      |rst_n                                      
clk                                        |clk                                        
---------------------------------------------------------------------------------------
Cell pin lists are equivalent.
Device classes tt_um_lelo_gr03_analogicus and tt_um_lelo_gr03_analogicus are equivalent.

Final result: Circuits match uniquely.
.
